0:0.6500
1:0.3500
2:0.3000
3:0.2000
4:0.3000
5:0.3000
6:0.2500
7:0.3500
8:0.3500
9:0.5500
10:0.5000
0,1:0.3000
0,2:0.2500
0,3:0.1000
0,4:0.3000
0,5:0.1000
0,6:0.2500
0,7:0.2500
0,8:0.3000
0,9:0.4000
0,10:0.3500
1,2:0.1000
1,3:0.1000
1,4:0.1000
1,5:0.1000
1,7:0.1000
1,8:0.2000
1,9:0.2000
1,10:0.3000
2,3:0.1000
2,4:0.1000
2,5:0.1000
2,6:0.1000
2,7:0.1500
2,9:0.2500
2,10:0.1000
3,7:0.1000
3,8:0.1000
3,9:0.1000
3,10:0.1000
4,6:0.1500
4,7:0.1000
4,8:0.1000
4,9:0.2500
4,10:0.1500
5,7:0.1500
5,9:0.2000
5,10:0.1500
6,7:0.1000
6,8:0.1500
6,9:0.1500
6,10:0.1500
7,8:0.1000
7,9:0.2500
7,10:0.1500
8,9:0.1500
8,10:0.2000
9,10:0.2500
0,1,4:0.1000
0,1,8:0.2000
0,1,9:0.1500
0,1,10:0.2500
0,2,4:0.1000
0,2,6:0.1000
0,2,7:0.1000
0,2,9:0.2000
0,3,8:0.1000
0,4,6:0.1500
0,4,7:0.1000
0,4,8:0.1000
0,4,9:0.2500
0,4,10:0.1500
0,5,9:0.1000
0,6,7:0.1000
0,6,8:0.1500
0,6,9:0.1500
0,6,10:0.1500
0,7,8:0.1000
0,7,9:0.2000
0,8,9:0.1500
0,8,10:0.2000
0,9,10:0.1500
1,2,9:0.1000
1,2,10:0.1000
1,3,10:0.1000
1,4,8:0.1000
1,4,10:0.1000
1,5,7:0.1000
1,5,9:0.1000
1,7,9:0.1000
1,8,9:0.1000
1,8,10:0.1500
1,9,10:0.1500
2,3,7:0.1000
2,3,9:0.1000
2,4,9:0.1000
2,5,9:0.1000
2,6,9:0.1000
2,7,9:0.1000
2,9,10:0.1000
3,7,9:0.1000
4,6,9:0.1000
4,6,10:0.1000
4,7,9:0.1000
4,8,10:0.1000
4,9,10:0.1000
5,7,9:0.1000
5,7,10:0.1000
5,9,10:0.1000
6,7,9:0.1000
6,8,10:0.1000
7,8,9:0.1000
7,9,10:0.1000
0,1,4,8:0.1000
0,1,4,10:0.1000
0,1,8,9:0.1000
0,1,8,10:0.1500
0,1,9,10:0.1000
0,2,4,9:0.1000
0,2,6,9:0.1000
0,4,6,9:0.1000
0,4,6,10:0.1000
0,4,7,9:0.1000
0,4,8,10:0.1000
0,4,9,10:0.1000
0,6,7,9:0.1000
0,6,8,10:0.1000
0,7,8,9:0.1000
1,2,9,10:0.1000
1,4,8,10:0.1000
1,5,7,9:0.1000
2,3,7,9:0.1000
0,1,4,8,10:0.1000
